[2025-05-26 21:02:07] [ACTION] Accessed module: Process Management
[2025-05-26 21:02:11] [ACTION] Accessed module: Service Management
[2025-05-27 20:37:11] [ERROR] Module not found: process_management.sh
[2025-05-27 20:37:23] [ERROR] Module not found: backup_management.sh
[2025-05-27 20:37:28] [ACTION] Accessed module: System Information
[2025-05-27 20:39:08] [ACTION] Viewed system information
[2025-05-27 20:39:11] [ACTION] Viewed hardware information
[2025-05-27 20:39:30] [ERROR] Module not found: network_management.sh
[2025-05-27 20:39:34] [ERROR] Module not found: network_management.sh
[2025-05-27 20:39:37] [ERROR] Module not found: process_management.sh
[2025-05-27 20:39:40] [ERROR] Module not found: user_management.sh
[2025-05-27 20:39:43] [ERROR] Module not found: service_management.sh
[2025-05-27 20:39:51] [ERROR] Module not found: log_management.sh
[2025-05-27 20:40:06] [ACTION] Accessed module: System Information
[2025-05-27 20:40:09] [ACTION] Viewed system information
[2025-05-27 20:40:11] [ERROR] Module not found: user_management.sh
[2025-05-27 20:40:13] [ACTION] Accessed module: System Information
[2025-05-27 20:40:19] [ERROR] Module not found: user_management.sh
[2025-05-27 20:40:21] [ACTION] Accessed module: System Information
[2025-05-27 20:43:07] [ACTION] Accessed module: Process Management
[2025-05-27 20:43:12] [ACTION] Accessed module: User Management
[2025-05-27 20:43:15] [ACTION] Accessed module: User Management
[2025-05-27 20:43:18] [ACTION] Accessed module: User Management
[2025-05-27 20:43:31] [ACTION] Accessed module: Update Management
[2025-05-27 20:45:24] [ACTION] Accessed module: User Management
[2025-05-27 20:45:25] [ACTION] Accessed module: System Information
[2025-05-27 20:45:28] [ACTION] Accessed module: Network Management
[2025-05-27 20:45:31] [ACTION] Accessed module: User Management
[2025-05-27 20:45:31] [ACTION] Accessed module: User Management
[2025-05-27 20:45:33] [ACTION] Accessed module: Update Management
[2025-05-27 20:45:35] [ACTION] Accessed module: Backup Management
[2025-05-27 20:45:49] [ACTION] Accessed module: User Management
[2025-05-27 20:45:50] [ACTION] Accessed module: User Management
[2025-05-27 20:45:51] [ACTION] Accessed module: System Information
[2025-05-27 20:45:54] [ACTION] Accessed module: User Management
[2025-05-27 20:45:55] [ACTION] Accessed module: User Management
[2025-05-27 20:45:56] [ACTION] Accessed module: User Management
[2025-05-27 20:45:56] [ACTION] Accessed module: User Management
[2025-05-27 20:45:57] [ACTION] Accessed module: User Management
[2025-05-27 20:45:58] [ACTION] Accessed module: User Management
[2025-05-27 20:45:58] [ACTION] Accessed module: User Management
[2025-05-27 20:45:59] [ACTION] Accessed module: User Management
[2025-05-27 20:46:44] [ACTION] Accessed module: Process Management
[2025-05-27 20:46:46] [ACTION] Accessed module: User Management
[2025-05-27 20:46:47] [ACTION] Accessed module: User Management
[2025-05-27 20:54:00] [ACTION] Accessed module: User Management
[2025-05-27 20:54:05] [ERROR] Attempted to delete non-existent group: [B
[2025-05-27 20:59:00] [ACTION] System dashboard closed
[2025-05-28 23:20:30] [ACTION] Accessed module: User Management
[2025-05-28 23:23:26] [ACTION] Accessed module: User Management
[2025-05-28 23:25:36] [ACTION] Accessed module: User Management
[2025-05-28 23:25:38] [ACTION] Listed all system users
[2025-05-28 23:26:09] [ACTION] Accessed module: User Management
[2025-05-28 23:36:00] [ACTION] Accessed module: User Management
[2025-05-28 23:36:02] [ERROR] Attempted to modify non-existent user: [H[2J[3J[1;35mâ”Œâ”€â”€â”€â”€â”€â”€â”€â”€â”€â”€â”€â”€â”€â”€â”€â”€â”€â”€â”€â”€â”€â”€â”€â”€â”€â”€â”€â”€â”€â”€â”€â”€â”€â”€â”€â”€â”€â”€â”€â”€â”€â”€â”€â”€â”€â”€â”€â”€â”€â”€â”€â”€â”€â”
â”‚                                                     â”‚
â”‚  [1;36mEnter username to modify: [1;35m
â”‚                                                     â”‚
â””â”€â”€â”€â”€â”€â”€â”€â”€â”€â”€â”€â”€â”€â”€â”€â”€â”€â”€â”€â”€â”€â”€â”€â”€â”€â”€â”€â”€â”€â”€â”€â”€â”€â”€â”€â”€â”€â”€â”€â”€â”€â”€â”€â”€â”€â”€â”€â”€â”€â”€â”€â”€â”€â”˜[0m
[4;5Hl
[2025-05-28 23:36:05] [ERROR] Attempted to modify non-existent user: [H[2J[3J[1;35mâ”Œâ”€â”€â”€â”€â”€â”€â”€â”€â”€â”€â”€â”€â”€â”€â”€â”€â”€â”€â”€â”€â”€â”€â”€â”€â”€â”€â”€â”€â”€â”€â”€â”€â”€â”€â”€â”€â”€â”€â”€â”€â”€â”€â”€â”€â”€â”€â”€â”€â”€â”€â”€â”€â”€â”
â”‚                                                     â”‚
â”‚  [1;36mEnter username to modify: [1;35m
â”‚                                                     â”‚
â””â”€â”€â”€â”€â”€â”€â”€â”€â”€â”€â”€â”€â”€â”€â”€â”€â”€â”€â”€â”€â”€â”€â”€â”€â”€â”€â”€â”€â”€â”€â”€â”€â”€â”€â”€â”€â”€â”€â”€â”€â”€â”€â”€â”€â”€â”€â”€â”€â”€â”€â”€â”€â”€â”˜[0m
[4;5Hs
[2025-05-28 23:36:07] [ERROR] Attempted to delete non-existent user: [H[2J[3J[1;35mâ”Œâ”€â”€â”€â”€â”€â”€â”€â”€â”€â”€â”€â”€â”€â”€â”€â”€â”€â”€â”€â”€â”€â”€â”€â”€â”€â”€â”€â”€â”€â”€â”€â”€â”€â”€â”€â”€â”€â”€â”€â”€â”€â”€â”€â”€â”€â”€â”€â”€â”€â”€â”€â”€â”€â”
â”‚                                                     â”‚
â”‚  [1;36mEnter username to delete: [1;35m
â”‚                                                     â”‚
â””â”€â”€â”€â”€â”€â”€â”€â”€â”€â”€â”€â”€â”€â”€â”€â”€â”€â”€â”€â”€â”€â”€â”€â”€â”€â”€â”€â”€â”€â”€â”€â”€â”€â”€â”€â”€â”€â”€â”€â”€â”€â”€â”€â”€â”€â”€â”€â”€â”€â”€â”€â”€â”€â”˜[0m
[4;5Hs
[2025-05-28 23:41:34] [ACTION] Accessed module: User Management
[2025-05-28 23:44:03] [ACTION] Accessed module: User Management
[2025-05-28 23:44:23] [ACTION] Added user: f (UID: 65535)
[2025-05-28 23:45:35] [ACTION] Accessed module: User Management
[2025-05-28 23:45:39] [ERROR] Attempted to modify non-existent user: g
[2025-05-28 23:47:55] [ACTION] Accessed module: User Management
[2025-05-28 23:47:58] [ACTION] Listed all system groups
[2025-05-28 23:48:04] [ERROR] Attempted to delete non-existent group: 
[2025-05-28 23:48:14] [ACTION] System dashboard closed
[2025-05-29 00:18:28] [ACTION] Accessed module: User Management
[2025-05-29 00:18:36] [ACTION] System dashboard closed
